1558490684628	mozrunner::runner	INFO	Running command: "/Applications/Firefox.app/Contents/MacOS/firefox-bin" "-marionette" "-foreground" "-no-remote" "-profile" "/var/folders/4m/0_q51chn2r3flsltvd8kpq840000gn/T/rust_mozprofile.ew6MEDaRvFIU"
1558490686109	addons.webextension.screenshots@mozilla.org	WARN	Loading extension 'screenshots@mozilla.org': Reading manifest: Invalid extension permission: mozillaAddons
1558490686109	addons.webextension.screenshots@mozilla.org	WARN	Loading extension 'screenshots@mozilla.org': Reading manifest: Invalid extension permission: resource://pdf.js/
1558490686109	addons.webextension.screenshots@mozilla.org	WARN	Loading extension 'screenshots@mozilla.org': Reading manifest: Invalid extension permission: about:reader*
1558490687975	Marionette	INFO	Listening on port 57779
1558490687999	Marionette	WARN	TLS certificate errors will be ignored for this session
1558490689057	mozrunner::runner	INFO	Running command: "/Applications/Firefox.app/Contents/MacOS/firefox" "-marionette" "-foreground" "-no-remote" "-profile" "/var/folders/4m/0_q51chn2r3flsltvd8kpq840000gn/T/rust_mozprofile.mNJUAoY1D3R8"
1558490689553	addons.webextension.screenshots@mozilla.org	WARN	Loading extension 'screenshots@mozilla.org': Reading manifest: Invalid extension permission: mozillaAddons
1558490689553	addons.webextension.screenshots@mozilla.org	WARN	Loading extension 'screenshots@mozilla.org': Reading manifest: Invalid extension permission: resource://pdf.js/
1558490689554	addons.webextension.screenshots@mozilla.org	WARN	Loading extension 'screenshots@mozilla.org': Reading manifest: Invalid extension permission: about:reader*
1558490691031	Marionette	INFO	Listening on port 58101
1558490691125	Marionette	WARN	TLS certificate errors will be ignored for this session
1558490825740	Marionette	INFO	Stopped listening on port 58101
1558490827786	Marionette	INFO	Stopped listening on port 57779
1558491327811	mozrunner::runner	INFO	Running command: "/Applications/Firefox.app/Contents/MacOS/firefox-bin" "-marionette" "-foreground" "-no-remote" "-profile" "/var/folders/4m/0_q51chn2r3flsltvd8kpq840000gn/T/rust_mozprofile.U4yPR1laBbMt"
1558491328245	addons.webextension.screenshots@mozilla.org	WARN	Loading extension 'screenshots@mozilla.org': Reading manifest: Invalid extension permission: mozillaAddons
1558491328245	addons.webextension.screenshots@mozilla.org	WARN	Loading extension 'screenshots@mozilla.org': Reading manifest: Invalid extension permission: resource://pdf.js/
1558491328245	addons.webextension.screenshots@mozilla.org	WARN	Loading extension 'screenshots@mozilla.org': Reading manifest: Invalid extension permission: about:reader*
1558491329698	Marionette	INFO	Listening on port 50561
1558491329749	Marionette	WARN	TLS certificate errors will be ignored for this session
1558491330801	mozrunner::runner	INFO	Running command: "/Applications/Firefox.app/Contents/MacOS/firefox" "-marionette" "-foreground" "-no-remote" "-profile" "/var/folders/4m/0_q51chn2r3flsltvd8kpq840000gn/T/rust_mozprofile.fEGvu3mhdieS"
1558491331240	addons.webextension.screenshots@mozilla.org	WARN	Loading extension 'screenshots@mozilla.org': Reading manifest: Invalid extension permission: mozillaAddons
1558491331240	addons.webextension.screenshots@mozilla.org	WARN	Loading extension 'screenshots@mozilla.org': Reading manifest: Invalid extension permission: resource://pdf.js/
1558491331240	addons.webextension.screenshots@mozilla.org	WARN	Loading extension 'screenshots@mozilla.org': Reading manifest: Invalid extension permission: about:reader*
1558491332677	Marionette	INFO	Listening on port 50804
1558491332743	Marionette	WARN	TLS certificate errors will be ignored for this session
JavaScript error: https://hdh-web.ucsd.edu/dining/apps/diningservices/Scripts/angular-sanitize.js, line 148: TypeError: angular is undefined
JavaScript error: https://hdh-web.ucsd.edu/dining/apps/diningservices/Scripts/registration-module.js, line 1: ReferenceError: angular is not defined
JavaScript error: https://hdh-web.ucsd.edu/dining/apps/diningservices/Scripts/Menu/Menu-Controller.js, line 1: TypeError: registrationModule is undefined
1558491343763	Marionette	INFO	Stopped listening on port 50804
1558491344460	Marionette	INFO	Stopped listening on port 50561
1558491481719	mozrunner::runner	INFO	Running command: "/Applications/Firefox.app/Contents/MacOS/firefox-bin" "-marionette" "-foreground" "-no-remote" "-profile" "/var/folders/4m/0_q51chn2r3flsltvd8kpq840000gn/T/rust_mozprofile.5bEvcB5ynRGx"
1558491482144	addons.webextension.screenshots@mozilla.org	WARN	Loading extension 'screenshots@mozilla.org': Reading manifest: Invalid extension permission: mozillaAddons
1558491482144	addons.webextension.screenshots@mozilla.org	WARN	Loading extension 'screenshots@mozilla.org': Reading manifest: Invalid extension permission: resource://pdf.js/
1558491482144	addons.webextension.screenshots@mozilla.org	WARN	Loading extension 'screenshots@mozilla.org': Reading manifest: Invalid extension permission: about:reader*
1558491483599	Marionette	INFO	Listening on port 60745
1558491483673	Marionette	WARN	TLS certificate errors will be ignored for this session
1558491484722	mozrunner::runner	INFO	Running command: "/Applications/Firefox.app/Contents/MacOS/firefox" "-marionette" "-foreground" "-no-remote" "-profile" "/var/folders/4m/0_q51chn2r3flsltvd8kpq840000gn/T/rust_mozprofile.VBCxkQJnsA4z"
1558491485165	addons.webextension.screenshots@mozilla.org	WARN	Loading extension 'screenshots@mozilla.org': Reading manifest: Invalid extension permission: mozillaAddons
1558491485166	addons.webextension.screenshots@mozilla.org	WARN	Loading extension 'screenshots@mozilla.org': Reading manifest: Invalid extension permission: resource://pdf.js/
1558491485166	addons.webextension.screenshots@mozilla.org	WARN	Loading extension 'screenshots@mozilla.org': Reading manifest: Invalid extension permission: about:reader*
1558491486596	Marionette	INFO	Listening on port 60988
1558491486674	Marionette	WARN	TLS certificate errors will be ignored for this session
1558491494003	Marionette	INFO	Stopped listening on port 60988
1558491494506	Marionette	INFO	Stopped listening on port 60745
1558491973510	mozrunner::runner	INFO	Running command: "/Applications/Firefox.app/Contents/MacOS/firefox-bin" "-marionette" "-foreground" "-no-remote" "-profile" "/var/folders/4m/0_q51chn2r3flsltvd8kpq840000gn/T/rust_mozprofile.0pqhkDFDJZ3d"
1558491973985	addons.webextension.screenshots@mozilla.org	WARN	Loading extension 'screenshots@mozilla.org': Reading manifest: Invalid extension permission: mozillaAddons
1558491973985	addons.webextension.screenshots@mozilla.org	WARN	Loading extension 'screenshots@mozilla.org': Reading manifest: Invalid extension permission: resource://pdf.js/
1558491973985	addons.webextension.screenshots@mozilla.org	WARN	Loading extension 'screenshots@mozilla.org': Reading manifest: Invalid extension permission: about:reader*
1558491975467	Marionette	INFO	Listening on port 60018
1558491975561	Marionette	WARN	TLS certificate errors will be ignored for this session
1558491976622	mozrunner::runner	INFO	Running command: "/Applications/Firefox.app/Contents/MacOS/firefox" "-marionette" "-foreground" "-no-remote" "-profile" "/var/folders/4m/0_q51chn2r3flsltvd8kpq840000gn/T/rust_mozprofile.yxtBEPm6q0S6"
1558491977083	addons.webextension.screenshots@mozilla.org	WARN	Loading extension 'screenshots@mozilla.org': Reading manifest: Invalid extension permission: mozillaAddons
1558491977083	addons.webextension.screenshots@mozilla.org	WARN	Loading extension 'screenshots@mozilla.org': Reading manifest: Invalid extension permission: resource://pdf.js/
1558491977083	addons.webextension.screenshots@mozilla.org	WARN	Loading extension 'screenshots@mozilla.org': Reading manifest: Invalid extension permission: about:reader*
1558491978542	Marionette	INFO	Listening on port 60263
1558491978572	Marionette	WARN	TLS certificate errors will be ignored for this session
console.error: BroadcastService: 
  receivedBroadcastMessage: handler for
  remote-settings/monitor_changes
  threw error:
  Message: Error: Polling for changes failed: http://%(server)s/dummy/blocklist//buckets/monitor/collections/changes/records?_expected=%221558483213414%22 is not a valid URL..
  Stack:
    remoteSettingsFunction/remoteSettings.pollChanges@resource://services-settings/remote-settings.js:203:13

1558494074105	Marionette	INFO	Stopped listening on port 60263
1558494432150	mozrunner::runner	INFO	Running command: "/Applications/Firefox.app/Contents/MacOS/firefox-bin" "-marionette" "-foreground" "-no-remote" "-profile" "/var/folders/4m/0_q51chn2r3flsltvd8kpq840000gn/T/rust_mozprofile.hfTmQGz9vQRM"
1558494432590	addons.webextension.screenshots@mozilla.org	WARN	Loading extension 'screenshots@mozilla.org': Reading manifest: Invalid extension permission: mozillaAddons
1558494432590	addons.webextension.screenshots@mozilla.org	WARN	Loading extension 'screenshots@mozilla.org': Reading manifest: Invalid extension permission: resource://pdf.js/
1558494432590	addons.webextension.screenshots@mozilla.org	WARN	Loading extension 'screenshots@mozilla.org': Reading manifest: Invalid extension permission: about:reader*
1558494434056	Marionette	INFO	Listening on port 56749
1558494434095	Marionette	WARN	TLS certificate errors will be ignored for this session
1558494435146	mozrunner::runner	INFO	Running command: "/Applications/Firefox.app/Contents/MacOS/firefox" "-marionette" "-foreground" "-no-remote" "-profile" "/var/folders/4m/0_q51chn2r3flsltvd8kpq840000gn/T/rust_mozprofile.paM9jOPjEUg4"
1558494435643	addons.webextension.screenshots@mozilla.org	WARN	Loading extension 'screenshots@mozilla.org': Reading manifest: Invalid extension permission: mozillaAddons
1558494435643	addons.webextension.screenshots@mozilla.org	WARN	Loading extension 'screenshots@mozilla.org': Reading manifest: Invalid extension permission: resource://pdf.js/
1558494435643	addons.webextension.screenshots@mozilla.org	WARN	Loading extension 'screenshots@mozilla.org': Reading manifest: Invalid extension permission: about:reader*
1558494437146	Marionette	INFO	Listening on port 56992
1558494437199	Marionette	WARN	TLS certificate errors will be ignored for this session
1558494449792	Marionette	INFO	Stopped listening on port 56992
1558494450423	Marionette	INFO	Stopped listening on port 56749
1558494723103	mozrunner::runner	INFO	Running command: "/Applications/Firefox.app/Contents/MacOS/firefox-bin" "-marionette" "-foreground" "-no-remote" "-profile" "/var/folders/4m/0_q51chn2r3flsltvd8kpq840000gn/T/rust_mozprofile.iinoEYIGVJOG"
1558494723523	addons.webextension.screenshots@mozilla.org	WARN	Loading extension 'screenshots@mozilla.org': Reading manifest: Invalid extension permission: mozillaAddons
1558494723523	addons.webextension.screenshots@mozilla.org	WARN	Loading extension 'screenshots@mozilla.org': Reading manifest: Invalid extension permission: resource://pdf.js/
1558494723524	addons.webextension.screenshots@mozilla.org	WARN	Loading extension 'screenshots@mozilla.org': Reading manifest: Invalid extension permission: about:reader*
1558494724984	Marionette	INFO	Listening on port 59279
1558494725059	Marionette	WARN	TLS certificate errors will be ignored for this session
1558494726112	mozrunner::runner	INFO	Running command: "/Applications/Firefox.app/Contents/MacOS/firefox" "-marionette" "-foreground" "-no-remote" "-profile" "/var/folders/4m/0_q51chn2r3flsltvd8kpq840000gn/T/rust_mozprofile.RqdWvIwS5iRv"
1558494726546	addons.webextension.screenshots@mozilla.org	WARN	Loading extension 'screenshots@mozilla.org': Reading manifest: Invalid extension permission: mozillaAddons
1558494726546	addons.webextension.screenshots@mozilla.org	WARN	Loading extension 'screenshots@mozilla.org': Reading manifest: Invalid extension permission: resource://pdf.js/
1558494726546	addons.webextension.screenshots@mozilla.org	WARN	Loading extension 'screenshots@mozilla.org': Reading manifest: Invalid extension permission: about:reader*
1558494727971	Marionette	INFO	Listening on port 59521
1558494728060	Marionette	WARN	TLS certificate errors will be ignored for this session
1558494741708	Marionette	INFO	Stopped listening on port 59521
1558494742256	Marionette	INFO	Stopped listening on port 59279
1558495384032	mozrunner::runner	INFO	Running command: "/Applications/Firefox.app/Contents/MacOS/firefox-bin" "-marionette" "-foreground" "-no-remote" "-profile" "/var/folders/4m/0_q51chn2r3flsltvd8kpq840000gn/T/rust_mozprofile.dJxyYI51K8AF"
1558495384500	addons.webextension.screenshots@mozilla.org	WARN	Loading extension 'screenshots@mozilla.org': Reading manifest: Invalid extension permission: mozillaAddons
1558495384500	addons.webextension.screenshots@mozilla.org	WARN	Loading extension 'screenshots@mozilla.org': Reading manifest: Invalid extension permission: resource://pdf.js/
1558495384500	addons.webextension.screenshots@mozilla.org	WARN	Loading extension 'screenshots@mozilla.org': Reading manifest: Invalid extension permission: about:reader*
1558495385918	Marionette	INFO	Listening on port 52969
1558495385981	Marionette	WARN	TLS certificate errors will be ignored for this session
1558495387035	mozrunner::runner	INFO	Running command: "/Applications/Firefox.app/Contents/MacOS/firefox" "-marionette" "-foreground" "-no-remote" "-profile" "/var/folders/4m/0_q51chn2r3flsltvd8kpq840000gn/T/rust_mozprofile.X8FipNmUYu3V"
1558495387477	addons.webextension.screenshots@mozilla.org	WARN	Loading extension 'screenshots@mozilla.org': Reading manifest: Invalid extension permission: mozillaAddons
1558495387477	addons.webextension.screenshots@mozilla.org	WARN	Loading extension 'screenshots@mozilla.org': Reading manifest: Invalid extension permission: resource://pdf.js/
1558495387477	addons.webextension.screenshots@mozilla.org	WARN	Loading extension 'screenshots@mozilla.org': Reading manifest: Invalid extension permission: about:reader*
1558495388885	Marionette	INFO	Listening on port 53213
1558495388973	Marionette	WARN	TLS certificate errors will be ignored for this session
1558495399888	Marionette	INFO	Stopped listening on port 53213
1558495400477	Marionette	INFO	Stopped listening on port 52969
1558557198878	mozrunner::runner	INFO	Running command: "/Applications/Firefox.app/Contents/MacOS/firefox-bin" "-marionette" "-foreground" "-no-remote" "-profile" "/var/folders/4m/0_q51chn2r3flsltvd8kpq840000gn/T/rust_mozprofile.JLh151ma1aly"
1558557201257	addons.webextension.screenshots@mozilla.org	WARN	Loading extension 'screenshots@mozilla.org': Reading manifest: Invalid extension permission: mozillaAddons
1558557201257	addons.webextension.screenshots@mozilla.org	WARN	Loading extension 'screenshots@mozilla.org': Reading manifest: Invalid extension permission: resource://pdf.js/
1558557201257	addons.webextension.screenshots@mozilla.org	WARN	Loading extension 'screenshots@mozilla.org': Reading manifest: Invalid extension permission: about:reader*
1558557202988	Marionette	INFO	Listening on port 56797
1558557203084	Marionette	WARN	TLS certificate errors will be ignored for this session
1558557204135	mozrunner::runner	INFO	Running command: "/Applications/Firefox.app/Contents/MacOS/firefox" "-marionette" "-foreground" "-no-remote" "-profile" "/var/folders/4m/0_q51chn2r3flsltvd8kpq840000gn/T/rust_mozprofile.KQXukR9cWN6d"
1558557204560	addons.webextension.screenshots@mozilla.org	WARN	Loading extension 'screenshots@mozilla.org': Reading manifest: Invalid extension permission: mozillaAddons
1558557204561	addons.webextension.screenshots@mozilla.org	WARN	Loading extension 'screenshots@mozilla.org': Reading manifest: Invalid extension permission: resource://pdf.js/
1558557204561	addons.webextension.screenshots@mozilla.org	WARN	Loading extension 'screenshots@mozilla.org': Reading manifest: Invalid extension permission: about:reader*
1558557205966	Marionette	INFO	Listening on port 57262
1558557206000	Marionette	WARN	TLS certificate errors will be ignored for this session
1558557510623	mozrunner::runner	INFO	Running command: "/Applications/Firefox.app/Contents/MacOS/firefox-bin" "-marionette" "-foreground" "-no-remote" "-profile" "/var/folders/4m/0_q51chn2r3flsltvd8kpq840000gn/T/rust_mozprofile.vhm555knsAxL"
1558557511123	addons.webextension.screenshots@mozilla.org	WARN	Loading extension 'screenshots@mozilla.org': Reading manifest: Invalid extension permission: mozillaAddons
1558557511123	addons.webextension.screenshots@mozilla.org	WARN	Loading extension 'screenshots@mozilla.org': Reading manifest: Invalid extension permission: resource://pdf.js/
1558557511123	addons.webextension.screenshots@mozilla.org	WARN	Loading extension 'screenshots@mozilla.org': Reading manifest: Invalid extension permission: about:reader*
1558557512587	Marionette	INFO	Listening on port 60663
1558557512669	Marionette	WARN	TLS certificate errors will be ignored for this session
1558557513723	mozrunner::runner	INFO	Running command: "/Applications/Firefox.app/Contents/MacOS/firefox" "-marionette" "-foreground" "-no-remote" "-profile" "/var/folders/4m/0_q51chn2r3flsltvd8kpq840000gn/T/rust_mozprofile.nYNOp7LtKVyE"
1558557514200	addons.webextension.screenshots@mozilla.org	WARN	Loading extension 'screenshots@mozilla.org': Reading manifest: Invalid extension permission: mozillaAddons
1558557514200	addons.webextension.screenshots@mozilla.org	WARN	Loading extension 'screenshots@mozilla.org': Reading manifest: Invalid extension permission: resource://pdf.js/
1558557514200	addons.webextension.screenshots@mozilla.org	WARN	Loading extension 'screenshots@mozilla.org': Reading manifest: Invalid extension permission: about:reader*
1558557515684	Marionette	INFO	Listening on port 60907
1558557515775	Marionette	WARN	TLS certificate errors will be ignored for this session
2019-05-22 13:39:17.577 firefox[15531:622457] warning: <NSRemoteView: 0x120a06f20> determined it was necessary to configure <_NSPopoverWindow: 0x1273924c0> to support remote view vibrancy
2019-05-22 13:39:19.133 firefox[15531:622457] warning: <NSRemoteView: 0x1211d8520> determined it was necessary to configure <_NSPopoverWindow: 0x12766fb80> to support remote view vibrancy
1558557850534	Marionette	INFO	Stopped listening on port 56797
1558557852081	Marionette	INFO	Stopped listening on port 57262
1558557853167	Marionette	INFO	Stopped listening on port 60663
1558557854333	Marionette	INFO	Stopped listening on port 60907
1558558127425	mozrunner::runner	INFO	Running command: "/Applications/Firefox.app/Contents/MacOS/firefox-bin" "-marionette" "-foreground" "-no-remote" "-profile" "/var/folders/4m/0_q51chn2r3flsltvd8kpq840000gn/T/rust_mozprofile.3VV3SVKyopcE"
1558558127857	addons.webextension.screenshots@mozilla.org	WARN	Loading extension 'screenshots@mozilla.org': Reading manifest: Invalid extension permission: mozillaAddons
1558558127857	addons.webextension.screenshots@mozilla.org	WARN	Loading extension 'screenshots@mozilla.org': Reading manifest: Invalid extension permission: resource://pdf.js/
1558558127857	addons.webextension.screenshots@mozilla.org	WARN	Loading extension 'screenshots@mozilla.org': Reading manifest: Invalid extension permission: about:reader*
1558558129253	Marionette	INFO	Listening on port 51646
1558558129268	Marionette	WARN	TLS certificate errors will be ignored for this session
1558558130327	mozrunner::runner	INFO	Running command: "/Applications/Firefox.app/Contents/MacOS/firefox" "-marionette" "-foreground" "-no-remote" "-profile" "/var/folders/4m/0_q51chn2r3flsltvd8kpq840000gn/T/rust_mozprofile.PZm9kZz5NGRX"
1558558130752	addons.webextension.screenshots@mozilla.org	WARN	Loading extension 'screenshots@mozilla.org': Reading manifest: Invalid extension permission: mozillaAddons
1558558130752	addons.webextension.screenshots@mozilla.org	WARN	Loading extension 'screenshots@mozilla.org': Reading manifest: Invalid extension permission: resource://pdf.js/
1558558130752	addons.webextension.screenshots@mozilla.org	WARN	Loading extension 'screenshots@mozilla.org': Reading manifest: Invalid extension permission: about:reader*
1558558132158	Marionette	INFO	Listening on port 51888
1558558132172	Marionette	WARN	TLS certificate errors will be ignored for this session
JavaScript error: https://hdh-web.ucsd.edu/dining/apps/diningservices/Scripts/angular-sanitize.js, line 148: TypeError: angular is undefined
JavaScript error: https://hdh-web.ucsd.edu/dining/apps/diningservices/Scripts/registration-module.js, line 1: ReferenceError: angular is not defined
JavaScript error: https://hdh-web.ucsd.edu/dining/apps/diningservices/Scripts/Menu/Menu-Controller.js, line 1: TypeError: registrationModule is undefined
1558559492920	mozrunner::runner	INFO	Running command: "/Applications/Firefox.app/Contents/MacOS/firefox-bin" "-marionette" "-foreground" "-no-remote" "-profile" "/var/folders/4m/0_q51chn2r3flsltvd8kpq840000gn/T/rust_mozprofile.orIcjfNUuaPy"
1558559493356	addons.webextension.screenshots@mozilla.org	WARN	Loading extension 'screenshots@mozilla.org': Reading manifest: Invalid extension permission: mozillaAddons
1558559493356	addons.webextension.screenshots@mozilla.org	WARN	Loading extension 'screenshots@mozilla.org': Reading manifest: Invalid extension permission: resource://pdf.js/
1558559493356	addons.webextension.screenshots@mozilla.org	WARN	Loading extension 'screenshots@mozilla.org': Reading manifest: Invalid extension permission: about:reader*
1558559494817	Marionette	INFO	Listening on port 57917
1558559494866	Marionette	WARN	TLS certificate errors will be ignored for this session
1558559495916	mozrunner::runner	INFO	Running command: "/Applications/Firefox.app/Contents/MacOS/firefox" "-marionette" "-foreground" "-no-remote" "-profile" "/var/folders/4m/0_q51chn2r3flsltvd8kpq840000gn/T/rust_mozprofile.r2z9ZCBsQBBi"
1558559496337	addons.webextension.screenshots@mozilla.org	WARN	Loading extension 'screenshots@mozilla.org': Reading manifest: Invalid extension permission: mozillaAddons
1558559496337	addons.webextension.screenshots@mozilla.org	WARN	Loading extension 'screenshots@mozilla.org': Reading manifest: Invalid extension permission: resource://pdf.js/
1558559496338	addons.webextension.screenshots@mozilla.org	WARN	Loading extension 'screenshots@mozilla.org': Reading manifest: Invalid extension permission: about:reader*
1558559497756	Marionette	INFO	Listening on port 58144
1558559497861	Marionette	WARN	TLS certificate errors will be ignored for this session
1558559510610	Marionette	INFO	Stopped listening on port 58144
1558559511312	Marionette	INFO	Stopped listening on port 57917
[Parent 15672, Gecko_IOThread] WARNING: pipe error: Broken pipe: file /builds/worker/workspace/build/src/ipc/chromium/src/chrome/common/ipc_channel_posix.cc, line 726
1558559627724	Marionette	INFO	Stopped listening on port 51888
1558559629396	Marionette	INFO	Stopped listening on port 51646
1558560348292	mozrunner::runner	INFO	Running command: "/Applications/Firefox.app/Contents/MacOS/firefox-bin" "-marionette" "-foreground" "-no-remote" "-profile" "/var/folders/4m/0_q51chn2r3flsltvd8kpq840000gn/T/rust_mozprofile.a1d9e4sHYCxM"
1558560348725	addons.webextension.screenshots@mozilla.org	WARN	Loading extension 'screenshots@mozilla.org': Reading manifest: Invalid extension permission: mozillaAddons
1558560348725	addons.webextension.screenshots@mozilla.org	WARN	Loading extension 'screenshots@mozilla.org': Reading manifest: Invalid extension permission: resource://pdf.js/
1558560348725	addons.webextension.screenshots@mozilla.org	WARN	Loading extension 'screenshots@mozilla.org': Reading manifest: Invalid extension permission: about:reader*
1558560350157	Marionette	INFO	Listening on port 64216
1558560350241	Marionette	WARN	TLS certificate errors will be ignored for this session
1558560351293	mozrunner::runner	INFO	Running command: "/Applications/Firefox.app/Contents/MacOS/firefox" "-marionette" "-foreground" "-no-remote" "-profile" "/var/folders/4m/0_q51chn2r3flsltvd8kpq840000gn/T/rust_mozprofile.EKhMVJIE0ZOk"
1558560351712	addons.webextension.screenshots@mozilla.org	WARN	Loading extension 'screenshots@mozilla.org': Reading manifest: Invalid extension permission: mozillaAddons
1558560351713	addons.webextension.screenshots@mozilla.org	WARN	Loading extension 'screenshots@mozilla.org': Reading manifest: Invalid extension permission: resource://pdf.js/
1558560351713	addons.webextension.screenshots@mozilla.org	WARN	Loading extension 'screenshots@mozilla.org': Reading manifest: Invalid extension permission: about:reader*
1558560353136	Marionette	INFO	Listening on port 64462
1558560353240	Marionette	WARN	TLS certificate errors will be ignored for this session
console.error: BroadcastService: 
  receivedBroadcastMessage: handler for
  remote-settings/monitor_changes
  threw error:
  Message: Error: Polling for changes failed: http://%(server)s/dummy/blocklist//buckets/monitor/collections/changes/records?_expected=%221558554670774%22 is not a valid URL..
  Stack:
    remoteSettingsFunction/remoteSettings.pollChanges@resource://services-settings/remote-settings.js:203:13

console.error: BroadcastService: 
  receivedBroadcastMessage: handler for
  remote-settings/monitor_changes
  threw error:
  Message: Error: Polling for changes failed: http://%(server)s/dummy/blocklist//buckets/monitor/collections/changes/records?_expected=%221558554670774%22 is not a valid URL..
  Stack:
    remoteSettingsFunction/remoteSettings.pollChanges@resource://services-settings/remote-settings.js:203:13

1558560921671	mozrunner::runner	INFO	Running command: "/Applications/Firefox.app/Contents/MacOS/firefox-bin" "-marionette" "-foreground" "-no-remote" "-profile" "/var/folders/4m/0_q51chn2r3flsltvd8kpq840000gn/T/rust_mozprofile.mpgpHYeuJIzj"
1558560922094	addons.webextension.screenshots@mozilla.org	WARN	Loading extension 'screenshots@mozilla.org': Reading manifest: Invalid extension permission: mozillaAddons
1558560922094	addons.webextension.screenshots@mozilla.org	WARN	Loading extension 'screenshots@mozilla.org': Reading manifest: Invalid extension permission: resource://pdf.js/
1558560922094	addons.webextension.screenshots@mozilla.org	WARN	Loading extension 'screenshots@mozilla.org': Reading manifest: Invalid extension permission: about:reader*
1558560923511	Marionette	INFO	Listening on port 52158
1558560923618	Marionette	WARN	TLS certificate errors will be ignored for this session
1558560924668	mozrunner::runner	INFO	Running command: "/Applications/Firefox.app/Contents/MacOS/firefox" "-marionette" "-foreground" "-no-remote" "-profile" "/var/folders/4m/0_q51chn2r3flsltvd8kpq840000gn/T/rust_mozprofile.iE1JM4FxnUWp"
1558560925087	addons.webextension.screenshots@mozilla.org	WARN	Loading extension 'screenshots@mozilla.org': Reading manifest: Invalid extension permission: mozillaAddons
1558560925087	addons.webextension.screenshots@mozilla.org	WARN	Loading extension 'screenshots@mozilla.org': Reading manifest: Invalid extension permission: resource://pdf.js/
1558560925087	addons.webextension.screenshots@mozilla.org	WARN	Loading extension 'screenshots@mozilla.org': Reading manifest: Invalid extension permission: about:reader*
1558560926518	Marionette	INFO	Listening on port 52402
1558560926620	Marionette	WARN	TLS certificate errors will be ignored for this session
JavaScript error: https://hdh-web.ucsd.edu/dining/apps/diningservices/Scripts/angular-sanitize.js, line 148: TypeError: angular is undefined
JavaScript error: https://hdh-web.ucsd.edu/dining/apps/diningservices/Scripts/registration-module.js, line 1: ReferenceError: angular is not defined
JavaScript error: https://hdh-web.ucsd.edu/dining/apps/diningservices/Scripts/Menu/Menu-Controller.js, line 1: TypeError: registrationModule is undefined
console.error: BroadcastService: 
  receivedBroadcastMessage: handler for
  remote-settings/monitor_changes
  threw error:
  Message: Error: Polling for changes failed: http://%(server)s/dummy/blocklist//buckets/monitor/collections/changes/records?_expected=%221558554670774%22 is not a valid URL..
  Stack:
    remoteSettingsFunction/remoteSettings.pollChanges@resource://services-settings/remote-settings.js:203:13

console.error: BroadcastService: 
  receivedBroadcastMessage: handler for
  remote-settings/monitor_changes
  threw error:
  Message: Error: Polling for changes failed: http://%(server)s/dummy/blocklist//buckets/monitor/collections/changes/records?_expected=%221558554670774%22 is not a valid URL..
  Stack:
    remoteSettingsFunction/remoteSettings.pollChanges@resource://services-settings/remote-settings.js:203:13

1558561063233	Marionette	INFO	Stopped listening on port 52402
1558561065618	Marionette	INFO	Stopped listening on port 52158
1558561208010	mozrunner::runner	INFO	Running command: "/Applications/Firefox.app/Contents/MacOS/firefox-bin" "-marionette" "-foreground" "-no-remote" "-profile" "/var/folders/4m/0_q51chn2r3flsltvd8kpq840000gn/T/rust_mozprofile.YiDo7Cw9HkJs"
1558561208427	addons.webextension.screenshots@mozilla.org	WARN	Loading extension 'screenshots@mozilla.org': Reading manifest: Invalid extension permission: mozillaAddons
1558561208427	addons.webextension.screenshots@mozilla.org	WARN	Loading extension 'screenshots@mozilla.org': Reading manifest: Invalid extension permission: resource://pdf.js/
1558561208427	addons.webextension.screenshots@mozilla.org	WARN	Loading extension 'screenshots@mozilla.org': Reading manifest: Invalid extension permission: about:reader*
1558561209818	Marionette	INFO	Listening on port 54467
1558561209846	Marionette	WARN	TLS certificate errors will be ignored for this session
1558561210901	mozrunner::runner	INFO	Running command: "/Applications/Firefox.app/Contents/MacOS/firefox" "-marionette" "-foreground" "-no-remote" "-profile" "/var/folders/4m/0_q51chn2r3flsltvd8kpq840000gn/T/rust_mozprofile.CUhGm7ysNNrF"
1558561211323	addons.webextension.screenshots@mozilla.org	WARN	Loading extension 'screenshots@mozilla.org': Reading manifest: Invalid extension permission: mozillaAddons
1558561211324	addons.webextension.screenshots@mozilla.org	WARN	Loading extension 'screenshots@mozilla.org': Reading manifest: Invalid extension permission: resource://pdf.js/
1558561211324	addons.webextension.screenshots@mozilla.org	WARN	Loading extension 'screenshots@mozilla.org': Reading manifest: Invalid extension permission: about:reader*
1558561212725	Marionette	INFO	Listening on port 54709
1558561212748	Marionette	WARN	TLS certificate errors will be ignored for this session
JavaScript error: https://hdh-web.ucsd.edu/dining/apps/diningservices/Scripts/angular-sanitize.js, line 148: TypeError: angular is undefined
JavaScript error: https://hdh-web.ucsd.edu/dining/apps/diningservices/Scripts/registration-module.js, line 1: ReferenceError: angular is not defined
JavaScript error: https://hdh-web.ucsd.edu/dining/apps/diningservices/Scripts/Menu/Menu-Controller.js, line 1: TypeError: registrationModule is undefined
console.error: BroadcastService: 
  receivedBroadcastMessage: handler for
  remote-settings/monitor_changes
  threw error:
  Message: Error: Polling for changes failed: http://%(server)s/dummy/blocklist//buckets/monitor/collections/changes/records?_expected=%221558554670774%22 is not a valid URL..
  Stack:
    remoteSettingsFunction/remoteSettings.pollChanges@resource://services-settings/remote-settings.js:203:13

console.error: BroadcastService: 
  receivedBroadcastMessage: handler for
  remote-settings/monitor_changes
  threw error:
  Message: Error: Polling for changes failed: http://%(server)s/dummy/blocklist//buckets/monitor/collections/changes/records?_expected=%221558554670774%22 is not a valid URL..
  Stack:
    remoteSettingsFunction/remoteSettings.pollChanges@resource://services-settings/remote-settings.js:203:13

1558561254949	Marionette	INFO	Stopped listening on port 54709
1558561255410	Marionette	INFO	Stopped listening on port 54467
1558561257693	Marionette	INFO	Stopped listening on port 64462
1558561259360	Marionette	INFO	Stopped listening on port 64216
1558561449614	mozrunner::runner	INFO	Running command: "/Applications/Firefox.app/Contents/MacOS/firefox-bin" "-marionette" "-foreground" "-no-remote" "-profile" "/var/folders/4m/0_q51chn2r3flsltvd8kpq840000gn/T/rust_mozprofile.65y0HBC5X4Df"
1558561450056	addons.webextension.screenshots@mozilla.org	WARN	Loading extension 'screenshots@mozilla.org': Reading manifest: Invalid extension permission: mozillaAddons
1558561450056	addons.webextension.screenshots@mozilla.org	WARN	Loading extension 'screenshots@mozilla.org': Reading manifest: Invalid extension permission: resource://pdf.js/
1558561450056	addons.webextension.screenshots@mozilla.org	WARN	Loading extension 'screenshots@mozilla.org': Reading manifest: Invalid extension permission: about:reader*
1558561451452	Marionette	INFO	Listening on port 53967
1558561451561	Marionette	WARN	TLS certificate errors will be ignored for this session
1558561453261	mozrunner::runner	INFO	Running command: "/Applications/Firefox.app/Contents/MacOS/firefox" "-marionette" "-foreground" "-no-remote" "-profile" "/var/folders/4m/0_q51chn2r3flsltvd8kpq840000gn/T/rust_mozprofile.N86vAKe0jB42"
1558561453692	addons.webextension.screenshots@mozilla.org	WARN	Loading extension 'screenshots@mozilla.org': Reading manifest: Invalid extension permission: mozillaAddons
1558561453693	addons.webextension.screenshots@mozilla.org	WARN	Loading extension 'screenshots@mozilla.org': Reading manifest: Invalid extension permission: resource://pdf.js/
1558561453693	addons.webextension.screenshots@mozilla.org	WARN	Loading extension 'screenshots@mozilla.org': Reading manifest: Invalid extension permission: about:reader*
1558561455103	Marionette	INFO	Listening on port 54209
1558561455116	Marionette	WARN	TLS certificate errors will be ignored for this session
console.error: BroadcastService: 
  receivedBroadcastMessage: handler for
  remote-settings/monitor_changes
  threw error:
  Message: Error: Polling for changes failed: http://%(server)s/dummy/blocklist//buckets/monitor/collections/changes/records?_expected=%221558554670774%22 is not a valid URL..
  Stack:
    remoteSettingsFunction/remoteSettings.pollChanges@resource://services-settings/remote-settings.js:203:13

console.error: BroadcastService: 
  receivedBroadcastMessage: handler for
  remote-settings/monitor_changes
  threw error:
  Message: Error: Polling for changes failed: http://%(server)s/dummy/blocklist//buckets/monitor/collections/changes/records?_expected=%221558554670774%22 is not a valid URL..
  Stack:
    remoteSettingsFunction/remoteSettings.pollChanges@resource://services-settings/remote-settings.js:203:13

1558561495313	Marionette	INFO	Stopped listening on port 54209
1558561495774	Marionette	INFO	Stopped listening on port 53967
1558561606103	mozrunner::runner	INFO	Running command: "/Applications/Firefox.app/Contents/MacOS/firefox-bin" "-marionette" "-foreground" "-no-remote" "-profile" "/var/folders/4m/0_q51chn2r3flsltvd8kpq840000gn/T/rust_mozprofile.VkvumVUd7nlC"
1558561606535	addons.webextension.screenshots@mozilla.org	WARN	Loading extension 'screenshots@mozilla.org': Reading manifest: Invalid extension permission: mozillaAddons
1558561606535	addons.webextension.screenshots@mozilla.org	WARN	Loading extension 'screenshots@mozilla.org': Reading manifest: Invalid extension permission: resource://pdf.js/
1558561606536	addons.webextension.screenshots@mozilla.org	WARN	Loading extension 'screenshots@mozilla.org': Reading manifest: Invalid extension permission: about:reader*
1558561607945	Marionette	INFO	Listening on port 64305
1558561608051	Marionette	WARN	TLS certificate errors will be ignored for this session
1558561609101	mozrunner::runner	INFO	Running command: "/Applications/Firefox.app/Contents/MacOS/firefox" "-marionette" "-foreground" "-no-remote" "-profile" "/var/folders/4m/0_q51chn2r3flsltvd8kpq840000gn/T/rust_mozprofile.3DxVePQKi5fw"
1558561609602	addons.webextension.screenshots@mozilla.org	WARN	Loading extension 'screenshots@mozilla.org': Reading manifest: Invalid extension permission: mozillaAddons
1558561609602	addons.webextension.screenshots@mozilla.org	WARN	Loading extension 'screenshots@mozilla.org': Reading manifest: Invalid extension permission: resource://pdf.js/
1558561609602	addons.webextension.screenshots@mozilla.org	WARN	Loading extension 'screenshots@mozilla.org': Reading manifest: Invalid extension permission: about:reader*
1558561611112	Marionette	INFO	Listening on port 64550
1558561611160	Marionette	WARN	TLS certificate errors will be ignored for this session
console.error: BroadcastService: 
  receivedBroadcastMessage: handler for
  remote-settings/monitor_changes
  threw error:
  Message: Error: Polling for changes failed: http://%(server)s/dummy/blocklist//buckets/monitor/collections/changes/records?_expected=%221558554670774%22 is not a valid URL..
  Stack:
    remoteSettingsFunction/remoteSettings.pollChanges@resource://services-settings/remote-settings.js:203:13

console.error: BroadcastService: 
  receivedBroadcastMessage: handler for
  remote-settings/monitor_changes
  threw error:
  Message: Error: Polling for changes failed: http://%(server)s/dummy/blocklist//buckets/monitor/collections/changes/records?_expected=%221558554670774%22 is not a valid URL..
  Stack:
    remoteSettingsFunction/remoteSettings.pollChanges@resource://services-settings/remote-settings.js:203:13

1558561654132	Marionette	INFO	Stopped listening on port 64550
1558561654586	Marionette	INFO	Stopped listening on port 64305
1558561835703	mozrunner::runner	INFO	Running command: "/Applications/Firefox.app/Contents/MacOS/firefox-bin" "-marionette" "-foreground" "-no-remote" "-profile" "/var/folders/4m/0_q51chn2r3flsltvd8kpq840000gn/T/rust_mozprofile.MN7KwapdMxD8"
1558561836130	addons.webextension.screenshots@mozilla.org	WARN	Loading extension 'screenshots@mozilla.org': Reading manifest: Invalid extension permission: mozillaAddons
1558561836130	addons.webextension.screenshots@mozilla.org	WARN	Loading extension 'screenshots@mozilla.org': Reading manifest: Invalid extension permission: resource://pdf.js/
1558561836130	addons.webextension.screenshots@mozilla.org	WARN	Loading extension 'screenshots@mozilla.org': Reading manifest: Invalid extension permission: about:reader*
1558561837522	Marionette	INFO	Listening on port 62975
1558561837554	Marionette	WARN	TLS certificate errors will be ignored for this session
1558561838604	mozrunner::runner	INFO	Running command: "/Applications/Firefox.app/Contents/MacOS/firefox" "-marionette" "-foreground" "-no-remote" "-profile" "/var/folders/4m/0_q51chn2r3flsltvd8kpq840000gn/T/rust_mozprofile.k5v1gol8ZzEf"
1558561839022	addons.webextension.screenshots@mozilla.org	WARN	Loading extension 'screenshots@mozilla.org': Reading manifest: Invalid extension permission: mozillaAddons
1558561839022	addons.webextension.screenshots@mozilla.org	WARN	Loading extension 'screenshots@mozilla.org': Reading manifest: Invalid extension permission: resource://pdf.js/
1558561839022	addons.webextension.screenshots@mozilla.org	WARN	Loading extension 'screenshots@mozilla.org': Reading manifest: Invalid extension permission: about:reader*
1558561840439	Marionette	INFO	Listening on port 63217
1558561840540	Marionette	WARN	TLS certificate errors will be ignored for this session
console.error: BroadcastService: 
console.error: BroadcastService: 
  receivedBroadcastMessage: handler for
  receivedBroadcastMessage: handler for
  remote-settings/monitor_changes
  threw error:
  remote-settings/monitor_changes
  threw error:
  Message: Error: Polling for changes failed: http://%(server)s/dummy/blocklist//buckets/monitor/collections/changes/records?_expected=%221558554670774%22 is not a valid URL..
  Stack:
    remoteSettingsFunction/remoteSettings.pollChanges@resource://services-settings/remote-settings.js:203:13

  Message: Error: Polling for changes failed: http://%(server)s/dummy/blocklist//buckets/monitor/collections/changes/records?_expected=%221558554670774%22 is not a valid URL..
  Stack:
    remoteSettingsFunction/remoteSettings.pollChanges@resource://services-settings/remote-settings.js:203:13

